[0.065s] Invoking command in '/home/mario/sam_bot_description/build/sam_bot_description': CMAKE_PREFIX_PATH=${CMAKE_PREFIX_PATH}:/home/mario/turtlebot3_ws/install/turtlebot3_teleop:/home/mario/turtlebot3_ws/install/turtlebot3_example:/home/mario/turtlebot3_ws/install/my_teleop:/home/mario/turtlebot3_ws/install/my_autodrive:/opt/ros/humble /usr/bin/cmake /home/mario/sam_bot_description -DCMAKE_INSTALL_PREFIX=/home/mario/sam_bot_description/install/sam_bot_description
[0.735s] -- Found ament_cmake: 1.3.14 (/opt/ros/humble/share/ament_cmake/cmake)
[1.068s] -- Override CMake install command with custom implementation using symlinks instead of copying resources
[1.182s] -- Found ament_lint_auto: 0.12.15 (/opt/ros/humble/share/ament_lint_auto/cmake)
[1.384s] -- Added test 'cppcheck' to perform static code analysis on C / C++ code
[1.384s] -- Configured cppcheck include dirs: 
[1.384s] -- Configured cppcheck exclude dirs and/or files: 
[1.387s] -- Added test 'flake8' to check Python code syntax and style conventions
[1.393s] -- Added test 'lint_cmake' to check CMake code style
[1.396s] -- Added test 'pep257' to check Python code against some of the docstring style conventions in PEP 257
[1.415s] -- Added test 'uncrustify' to check C / C++ code style
[1.415s] -- Configured uncrustify additional arguments: 
[1.418s] -- Added test 'xmllint' to check XML markup files
[1.422s] -- Configuring done
[1.432s] -- Generating done
[1.433s] -- Build files have been written to: /home/mario/sam_bot_description/build/sam_bot_description
[1.437s] Invoked command in '/home/mario/sam_bot_description/build/sam_bot_description' returned '0': CMAKE_PREFIX_PATH=${CMAKE_PREFIX_PATH}:/home/mario/turtlebot3_ws/install/turtlebot3_teleop:/home/mario/turtlebot3_ws/install/turtlebot3_example:/home/mario/turtlebot3_ws/install/my_teleop:/home/mario/turtlebot3_ws/install/my_autodrive:/opt/ros/humble /usr/bin/cmake /home/mario/sam_bot_description -DCMAKE_INSTALL_PREFIX=/home/mario/sam_bot_description/install/sam_bot_description
[1.441s] Invoking command in '/home/mario/sam_bot_description/build/sam_bot_description': CMAKE_PREFIX_PATH=${CMAKE_PREFIX_PATH}:/home/mario/turtlebot3_ws/install/turtlebot3_teleop:/home/mario/turtlebot3_ws/install/turtlebot3_example:/home/mario/turtlebot3_ws/install/my_teleop:/home/mario/turtlebot3_ws/install/my_autodrive:/opt/ros/humble /usr/bin/cmake --build /home/mario/sam_bot_description/build/sam_bot_description -- -j4 -l4
[1.511s] Invoked command in '/home/mario/sam_bot_description/build/sam_bot_description' returned '0': CMAKE_PREFIX_PATH=${CMAKE_PREFIX_PATH}:/home/mario/turtlebot3_ws/install/turtlebot3_teleop:/home/mario/turtlebot3_ws/install/turtlebot3_example:/home/mario/turtlebot3_ws/install/my_teleop:/home/mario/turtlebot3_ws/install/my_autodrive:/opt/ros/humble /usr/bin/cmake --build /home/mario/sam_bot_description/build/sam_bot_description -- -j4 -l4
[1.526s] Invoking command in '/home/mario/sam_bot_description/build/sam_bot_description': CMAKE_PREFIX_PATH=${CMAKE_PREFIX_PATH}:/home/mario/turtlebot3_ws/install/turtlebot3_teleop:/home/mario/turtlebot3_ws/install/turtlebot3_example:/home/mario/turtlebot3_ws/install/my_teleop:/home/mario/turtlebot3_ws/install/my_autodrive:/opt/ros/humble /usr/bin/cmake --install /home/mario/sam_bot_description/build/sam_bot_description
[1.537s] -- Install configuration: ""
[1.538s] -- Execute custom install script
[1.538s] -- Up-to-date symlink: /home/mario/sam_bot_description/install/sam_bot_description/share/sam_bot_description/src/description/sam_bot_description (copy).urdf
[1.538s] -- Up-to-date symlink: /home/mario/sam_bot_description/install/sam_bot_description/share/sam_bot_description/src/description/sam_bot_description.urdf
[1.539s] -- Up-to-date symlink: /home/mario/sam_bot_description/install/sam_bot_description/share/sam_bot_description/launch/display.launch.py
[1.539s] -- Up-to-date symlink: /home/mario/sam_bot_description/install/sam_bot_description/share/sam_bot_description/rviz/config.rviz
[1.540s] -- Up-to-date symlink: /home/mario/sam_bot_description/install/sam_bot_description/share/ament_index/resource_index/package_run_dependencies/sam_bot_description
[1.540s] -- Up-to-date symlink: /home/mario/sam_bot_description/install/sam_bot_description/share/ament_index/resource_index/parent_prefix_path/sam_bot_description
[1.540s] -- Up-to-date symlink: /home/mario/sam_bot_description/install/sam_bot_description/share/sam_bot_description/environment/ament_prefix_path.sh
[1.540s] -- Up-to-date symlink: /home/mario/sam_bot_description/install/sam_bot_description/share/sam_bot_description/environment/ament_prefix_path.dsv
[1.541s] -- Up-to-date symlink: /home/mario/sam_bot_description/install/sam_bot_description/share/sam_bot_description/environment/path.sh
[1.541s] -- Up-to-date symlink: /home/mario/sam_bot_description/install/sam_bot_description/share/sam_bot_description/environment/path.dsv
[1.541s] -- Up-to-date symlink: /home/mario/sam_bot_description/install/sam_bot_description/share/sam_bot_description/local_setup.bash
[1.542s] -- Up-to-date symlink: /home/mario/sam_bot_description/install/sam_bot_description/share/sam_bot_description/local_setup.sh
[1.542s] -- Up-to-date symlink: /home/mario/sam_bot_description/install/sam_bot_description/share/sam_bot_description/local_setup.zsh
[1.542s] -- Up-to-date symlink: /home/mario/sam_bot_description/install/sam_bot_description/share/sam_bot_description/local_setup.dsv
[1.542s] -- Symlinking: /home/mario/sam_bot_description/install/sam_bot_description/share/sam_bot_description/package.dsv
[1.557s] -- Up-to-date symlink: /home/mario/sam_bot_description/install/sam_bot_description/share/ament_index/resource_index/packages/sam_bot_description
[1.557s] -- Up-to-date symlink: /home/mario/sam_bot_description/install/sam_bot_description/share/sam_bot_description/cmake/sam_bot_descriptionConfig.cmake
[1.558s] -- Up-to-date symlink: /home/mario/sam_bot_description/install/sam_bot_description/share/sam_bot_description/cmake/sam_bot_descriptionConfig-version.cmake
[1.558s] -- Up-to-date symlink: /home/mario/sam_bot_description/install/sam_bot_description/share/sam_bot_description/package.xml
[1.561s] Invoked command in '/home/mario/sam_bot_description/build/sam_bot_description' returned '0': CMAKE_PREFIX_PATH=${CMAKE_PREFIX_PATH}:/home/mario/turtlebot3_ws/install/turtlebot3_teleop:/home/mario/turtlebot3_ws/install/turtlebot3_example:/home/mario/turtlebot3_ws/install/my_teleop:/home/mario/turtlebot3_ws/install/my_autodrive:/opt/ros/humble /usr/bin/cmake --install /home/mario/sam_bot_description/build/sam_bot_description
