[0.081s] Invoking command in '/home/mario/sam_bot_description/build/sam_bot_description': CMAKE_PREFIX_PATH=${CMAKE_PREFIX_PATH}:/home/mario/turtlebot3_ws/install/turtlebot3_teleop:/home/mario/turtlebot3_ws/install/turtlebot3_example:/home/mario/turtlebot3_ws/install/my_teleop:/home/mario/turtlebot3_ws/install/my_autodrive:/opt/ros/humble /usr/bin/cmake --build /home/mario/sam_bot_description/build/sam_bot_description -- -j4 -l4
[0.717s] Invoked command in '/home/mario/sam_bot_description/build/sam_bot_description' returned '0': CMAKE_PREFIX_PATH=${CMAKE_PREFIX_PATH}:/home/mario/turtlebot3_ws/install/turtlebot3_teleop:/home/mario/turtlebot3_ws/install/turtlebot3_example:/home/mario/turtlebot3_ws/install/my_teleop:/home/mario/turtlebot3_ws/install/my_autodrive:/opt/ros/humble /usr/bin/cmake --build /home/mario/sam_bot_description/build/sam_bot_description -- -j4 -l4
[0.750s] Invoking command in '/home/mario/sam_bot_description/build/sam_bot_description': CMAKE_PREFIX_PATH=${CMAKE_PREFIX_PATH}:/home/mario/turtlebot3_ws/install/turtlebot3_teleop:/home/mario/turtlebot3_ws/install/turtlebot3_example:/home/mario/turtlebot3_ws/install/my_teleop:/home/mario/turtlebot3_ws/install/my_autodrive:/opt/ros/humble /usr/bin/cmake --install /home/mario/sam_bot_description/build/sam_bot_description
[0.770s] -- Install configuration: ""
[0.773s] -- Execute custom install script
[0.775s] -- Up-to-date symlink: /home/mario/sam_bot_description/install/sam_bot_description/share/sam_bot_description/src/description/sam_bot_description (copy).urdf
[0.775s] -- Up-to-date symlink: /home/mario/sam_bot_description/install/sam_bot_description/share/sam_bot_description/src/description/sam_bot_description.urdf
[0.775s] -- Up-to-date symlink: /home/mario/sam_bot_description/install/sam_bot_description/share/sam_bot_description/launch/display.launch.py
[0.776s] -- Up-to-date symlink: /home/mario/sam_bot_description/install/sam_bot_description/share/sam_bot_description/rviz/config.rviz
[0.776s] -- Up-to-date symlink: /home/mario/sam_bot_description/install/sam_bot_description/share/sam_bot_description/config/ekf.yaml
[0.776s] -- Up-to-date symlink: /home/mario/sam_bot_description/install/sam_bot_description/share/ament_index/resource_index/package_run_dependencies/sam_bot_description
[0.778s] -- Up-to-date symlink: /home/mario/sam_bot_description/install/sam_bot_description/share/ament_index/resource_index/parent_prefix_path/sam_bot_description
[0.778s] -- Up-to-date symlink: /home/mario/sam_bot_description/install/sam_bot_description/share/sam_bot_description/environment/ament_prefix_path.sh
[0.779s] -- Up-to-date symlink: /home/mario/sam_bot_description/install/sam_bot_description/share/sam_bot_description/environment/ament_prefix_path.dsv
[0.779s] -- Up-to-date symlink: /home/mario/sam_bot_description/install/sam_bot_description/share/sam_bot_description/environment/path.sh
[0.779s] -- Up-to-date symlink: /home/mario/sam_bot_description/install/sam_bot_description/share/sam_bot_description/environment/path.dsv
[0.779s] -- Up-to-date symlink: /home/mario/sam_bot_description/install/sam_bot_description/share/sam_bot_description/local_setup.bash
[0.780s] -- Up-to-date symlink: /home/mario/sam_bot_description/install/sam_bot_description/share/sam_bot_description/local_setup.sh
[0.780s] -- Up-to-date symlink: /home/mario/sam_bot_description/install/sam_bot_description/share/sam_bot_description/local_setup.zsh
[0.780s] -- Up-to-date symlink: /home/mario/sam_bot_description/install/sam_bot_description/share/sam_bot_description/local_setup.dsv
[0.781s] -- Symlinking: /home/mario/sam_bot_description/install/sam_bot_description/share/sam_bot_description/package.dsv
[0.804s] -- Up-to-date symlink: /home/mario/sam_bot_description/install/sam_bot_description/share/ament_index/resource_index/packages/sam_bot_description
[0.804s] -- Up-to-date symlink: /home/mario/sam_bot_description/install/sam_bot_description/share/sam_bot_description/cmake/sam_bot_descriptionConfig.cmake
[0.804s] -- Up-to-date symlink: /home/mario/sam_bot_description/install/sam_bot_description/share/sam_bot_description/cmake/sam_bot_descriptionConfig-version.cmake
[0.804s] -- Up-to-date symlink: /home/mario/sam_bot_description/install/sam_bot_description/share/sam_bot_description/package.xml
[0.807s] Invoked command in '/home/mario/sam_bot_description/build/sam_bot_description' returned '0': CMAKE_PREFIX_PATH=${CMAKE_PREFIX_PATH}:/home/mario/turtlebot3_ws/install/turtlebot3_teleop:/home/mario/turtlebot3_ws/install/turtlebot3_example:/home/mario/turtlebot3_ws/install/my_teleop:/home/mario/turtlebot3_ws/install/my_autodrive:/opt/ros/humble /usr/bin/cmake --install /home/mario/sam_bot_description/build/sam_bot_description
