[0.019s] Invoking command in '/home/mario/sam_bot_description/build/sam_bot_description': CMAKE_PREFIX_PATH=${CMAKE_PREFIX_PATH}:/home/mario/turtlebot3_ws/install/turtlebot3_teleop:/home/mario/turtlebot3_ws/install/turtlebot3_example:/home/mario/turtlebot3_ws/install/my_teleop:/home/mario/turtlebot3_ws/install/my_autodrive:/opt/ros/humble /usr/bin/cmake --build /home/mario/sam_bot_description/build/sam_bot_description -- -j4 -l4
[0.168s] -- Found ament_cmake: 1.3.14 (/opt/ros/humble/share/ament_cmake/cmake)
[0.348s] -- Override CMake install command with custom implementation using symlinks instead of copying resources
[0.380s] -- Found ament_lint_auto: 0.12.15 (/opt/ros/humble/share/ament_lint_auto/cmake)
[0.517s] -- Added test 'cppcheck' to perform static code analysis on C / C++ code
[0.517s] -- Configured cppcheck include dirs: 
[0.517s] -- Configured cppcheck exclude dirs and/or files: 
[0.520s] -- Added test 'flake8' to check Python code syntax and style conventions
[0.526s] -- Added test 'lint_cmake' to check CMake code style
[0.531s] -- Added test 'pep257' to check Python code against some of the docstring style conventions in PEP 257
[0.551s] -- Added test 'uncrustify' to check C / C++ code style
[0.551s] -- Configured uncrustify additional arguments: 
[0.555s] -- Added test 'xmllint' to check XML markup files
[0.559s] -- Configuring done
[0.567s] -- Generating done
[0.570s] -- Build files have been written to: /home/mario/sam_bot_description/build/sam_bot_description
[0.604s] Invoked command in '/home/mario/sam_bot_description/build/sam_bot_description' returned '0': CMAKE_PREFIX_PATH=${CMAKE_PREFIX_PATH}:/home/mario/turtlebot3_ws/install/turtlebot3_teleop:/home/mario/turtlebot3_ws/install/turtlebot3_example:/home/mario/turtlebot3_ws/install/my_teleop:/home/mario/turtlebot3_ws/install/my_autodrive:/opt/ros/humble /usr/bin/cmake --build /home/mario/sam_bot_description/build/sam_bot_description -- -j4 -l4
[0.619s] Invoking command in '/home/mario/sam_bot_description/build/sam_bot_description': CMAKE_PREFIX_PATH=${CMAKE_PREFIX_PATH}:/home/mario/turtlebot3_ws/install/turtlebot3_teleop:/home/mario/turtlebot3_ws/install/turtlebot3_example:/home/mario/turtlebot3_ws/install/my_teleop:/home/mario/turtlebot3_ws/install/my_autodrive:/opt/ros/humble /usr/bin/cmake --install /home/mario/sam_bot_description/build/sam_bot_description
[0.630s] -- Install configuration: ""
[0.631s] -- Execute custom install script
[0.632s] -- Up-to-date symlink: /home/mario/sam_bot_description/install/sam_bot_description/share/sam_bot_description/src/description/sam_bot_description (copy).urdf
[0.632s] -- Up-to-date symlink: /home/mario/sam_bot_description/install/sam_bot_description/share/sam_bot_description/src/description/sam_bot_description.urdf
[0.632s] -- Up-to-date symlink: /home/mario/sam_bot_description/install/sam_bot_description/share/sam_bot_description/launch/display.launch.py
[0.633s] -- Up-to-date symlink: /home/mario/sam_bot_description/install/sam_bot_description/share/sam_bot_description/rviz/config.rviz
[0.633s] -- Up-to-date symlink: /home/mario/sam_bot_description/install/sam_bot_description/share/ament_index/resource_index/package_run_dependencies/sam_bot_description
[0.633s] -- Up-to-date symlink: /home/mario/sam_bot_description/install/sam_bot_description/share/ament_index/resource_index/parent_prefix_path/sam_bot_description
[0.633s] -- Up-to-date symlink: /home/mario/sam_bot_description/install/sam_bot_description/share/sam_bot_description/environment/ament_prefix_path.sh
[0.633s] -- Up-to-date symlink: /home/mario/sam_bot_description/install/sam_bot_description/share/sam_bot_description/environment/ament_prefix_path.dsv
[0.634s] -- Up-to-date symlink: /home/mario/sam_bot_description/install/sam_bot_description/share/sam_bot_description/environment/path.sh
[0.634s] -- Up-to-date symlink: /home/mario/sam_bot_description/install/sam_bot_description/share/sam_bot_description/environment/path.dsv
[0.634s] -- Up-to-date symlink: /home/mario/sam_bot_description/install/sam_bot_description/share/sam_bot_description/local_setup.bash
[0.634s] -- Up-to-date symlink: /home/mario/sam_bot_description/install/sam_bot_description/share/sam_bot_description/local_setup.sh
[0.635s] -- Up-to-date symlink: /home/mario/sam_bot_description/install/sam_bot_description/share/sam_bot_description/local_setup.zsh
[0.635s] -- Up-to-date symlink: /home/mario/sam_bot_description/install/sam_bot_description/share/sam_bot_description/local_setup.dsv
[0.635s] -- Symlinking: /home/mario/sam_bot_description/install/sam_bot_description/share/sam_bot_description/package.dsv
[0.649s] -- Up-to-date symlink: /home/mario/sam_bot_description/install/sam_bot_description/share/ament_index/resource_index/packages/sam_bot_description
[0.650s] -- Up-to-date symlink: /home/mario/sam_bot_description/install/sam_bot_description/share/sam_bot_description/cmake/sam_bot_descriptionConfig.cmake
[0.650s] -- Up-to-date symlink: /home/mario/sam_bot_description/install/sam_bot_description/share/sam_bot_description/cmake/sam_bot_descriptionConfig-version.cmake
[0.650s] -- Up-to-date symlink: /home/mario/sam_bot_description/install/sam_bot_description/share/sam_bot_description/package.xml
[0.653s] Invoked command in '/home/mario/sam_bot_description/build/sam_bot_description' returned '0': CMAKE_PREFIX_PATH=${CMAKE_PREFIX_PATH}:/home/mario/turtlebot3_ws/install/turtlebot3_teleop:/home/mario/turtlebot3_ws/install/turtlebot3_example:/home/mario/turtlebot3_ws/install/my_teleop:/home/mario/turtlebot3_ws/install/my_autodrive:/opt/ros/humble /usr/bin/cmake --install /home/mario/sam_bot_description/build/sam_bot_description
