[0.543s] DEBUG:colcon:Command line arguments: ['/usr/bin/colcon', 'build']
[0.543s] DEBUG:colcon:Parsed command line arguments: Namespace(log_base=None, log_level=None, verb_name='build', build_base='build', install_base='install', merge_install=False, symlink_install=False, test_result_base=None, continue_on_error=False, executor='parallel', parallel_workers=4, event_handlers=None, ignore_user_meta=False, metas=['./colcon.meta'], base_paths=['.'], packages_ignore=None, packages_ignore_regex=None, paths=None, packages_up_to=None, packages_up_to_regex=None, packages_above=None, packages_above_and_dependencies=None, packages_above_depth=None, packages_select_by_dep=None, packages_skip_by_dep=None, packages_skip_up_to=None, packages_select_build_failed=False, packages_skip_build_finished=False, packages_select_test_failures=False, packages_skip_test_passed=False, packages_select=None, packages_skip=None, packages_select_regex=None, packages_skip_regex=None, packages_start=None, packages_end=None, allow_overriding=[], cmake_args=None, cmake_target=None, cmake_target_skip_unavailable=False, cmake_clean_cache=False, cmake_clean_first=False, cmake_force_configure=False, ament_cmake_args=None, catkin_cmake_args=None, catkin_skip_building_tests=False, verb_parser=<colcon_defaults.argument_parser.defaults.DefaultArgumentsDecorator object at 0x73469455e710>, verb_extension=<colcon_core.verb.build.BuildVerb object at 0x73469455e140>, main=<bound method BuildVerb.main of <colcon_core.verb.build.BuildVerb object at 0x73469455e140>>)
[4.469s] Level 1:colcon.colcon_core.package_discovery:discover_packages(colcon_meta) check parameters
[4.469s] Level 1:colcon.colcon_core.package_discovery:discover_packages(recursive) check parameters
[4.469s] Level 1:colcon.colcon_core.package_discovery:discover_packages(ignore) check parameters
[4.469s] Level 1:colcon.colcon_core.package_discovery:discover_packages(path) check parameters
[4.470s] Level 1:colcon.colcon_core.package_discovery:discover_packages(colcon_meta) discover
[4.470s] Level 1:colcon.colcon_core.package_discovery:discover_packages(recursive) discover
[4.470s] INFO:colcon.colcon_core.package_discovery:Crawling recursively for packages in '/home/mario/sam_bot_description'
[4.470s] Level 1:colcon.colcon_core.package_identification:_identify(.) by extensions ['ignore', 'ignore_ament_install']
[4.470s] Level 1:colcon.colcon_core.package_identification:_identify(.) by extension 'ignore'
[4.470s] Level 1:colcon.colcon_core.package_identification:_identify(.) by extension 'ignore_ament_install'
[4.470s] Level 1:colcon.colcon_core.package_identification:_identify(.) by extensions ['colcon_pkg']
[4.470s] Level 1:colcon.colcon_core.package_identification:_identify(.) by extension 'colcon_pkg'
[4.470s] Level 1:colcon.colcon_core.package_identification:_identify(.) by extensions ['colcon_meta']
[4.470s] Level 1:colcon.colcon_core.package_identification:_identify(.) by extension 'colcon_meta'
[4.470s] Level 1:colcon.colcon_core.package_identification:_identify(.) by extensions ['ros']
[4.470s] Level 1:colcon.colcon_core.package_identification:_identify(.) by extension 'ros'
[4.546s] DEBUG:colcon.colcon_core.package_identification:Package '.' with type 'ros.ament_cmake' and name 'sam_bot_description'
[4.546s] Level 1:colcon.colcon_core.package_discovery:discover_packages(recursive) using defaults
[4.546s] Level 1:colcon.colcon_core.package_discovery:discover_packages(ignore) discover
[4.546s] Level 1:colcon.colcon_core.package_discovery:discover_packages(ignore) using defaults
[4.546s] Level 1:colcon.colcon_core.package_discovery:discover_packages(path) discover
[4.547s] Level 1:colcon.colcon_core.package_discovery:discover_packages(path) using defaults
[4.729s] Level 1:colcon.colcon_core.package_discovery:discover_packages(prefix_path) check parameters
[4.729s] Level 1:colcon.colcon_core.package_discovery:discover_packages(prefix_path) discover
[4.759s] DEBUG:colcon.colcon_installed_package_information.package_discovery:Found 1 installed packages in /home/mario/sam_bot_description/install
[4.760s] DEBUG:colcon.colcon_installed_package_information.package_discovery:Found 18 installed packages in /home/mario/turtlebot3_ws/install
[4.763s] DEBUG:colcon.colcon_installed_package_information.package_discovery:Found 421 installed packages in /opt/ros/humble
[4.766s] Level 1:colcon.colcon_core.package_discovery:discover_packages(prefix_path) using defaults
[5.316s] Level 5:colcon.colcon_core.verb:set package 'sam_bot_description' build argument 'cmake_args' from command line to 'None'
[5.316s] Level 5:colcon.colcon_core.verb:set package 'sam_bot_description' build argument 'cmake_target' from command line to 'None'
[5.316s] Level 5:colcon.colcon_core.verb:set package 'sam_bot_description' build argument 'cmake_target_skip_unavailable' from command line to 'False'
[5.316s] Level 5:colcon.colcon_core.verb:set package 'sam_bot_description' build argument 'cmake_clean_cache' from command line to 'False'
[5.316s] Level 5:colcon.colcon_core.verb:set package 'sam_bot_description' build argument 'cmake_clean_first' from command line to 'False'
[5.316s] Level 5:colcon.colcon_core.verb:set package 'sam_bot_description' build argument 'cmake_force_configure' from command line to 'False'
[5.316s] Level 5:colcon.colcon_core.verb:set package 'sam_bot_description' build argument 'ament_cmake_args' from command line to 'None'
[5.316s] Level 5:colcon.colcon_core.verb:set package 'sam_bot_description' build argument 'catkin_cmake_args' from command line to 'None'
[5.316s] Level 5:colcon.colcon_core.verb:set package 'sam_bot_description' build argument 'catkin_skip_building_tests' from command line to 'False'
[5.316s] DEBUG:colcon.colcon_core.verb:Building package 'sam_bot_description' with the following arguments: {'ament_cmake_args': None, 'build_base': '/home/mario/sam_bot_description/build/sam_bot_description', 'catkin_cmake_args': None, 'catkin_skip_building_tests': False, 'cmake_args': None, 'cmake_clean_cache': False, 'cmake_clean_first': False, 'cmake_force_configure': False, 'cmake_target': None, 'cmake_target_skip_unavailable': False, 'install_base': '/home/mario/sam_bot_description/install/sam_bot_description', 'merge_install': False, 'path': '/home/mario/sam_bot_description', 'symlink_install': False, 'test_result_base': None}
[5.316s] INFO:colcon.colcon_core.executor:Executing jobs using 'parallel' executor
[5.318s] DEBUG:colcon.colcon_parallel_executor.executor.parallel:run_until_complete
[5.318s] INFO:colcon.colcon_ros.task.ament_cmake.build:Building ROS package in '/home/mario/sam_bot_description' with build type 'ament_cmake'
[5.318s] INFO:colcon.colcon_cmake.task.cmake.build:Building CMake package in '/home/mario/sam_bot_description'
[5.332s] INFO:colcon.colcon_core.plugin_system:Skipping extension 'colcon_core.shell.bat': Not used on non-Windows systems
[5.332s] INFO:colcon.colcon_core.shell:Skip shell extension 'powershell' for command environment: Not usable outside of PowerShell
[5.333s] DEBUG:colcon.colcon_core.shell:Skip shell extension 'dsv' for command environment
[5.401s] DEBUG:colcon.colcon_core.event_handler.log_command:Invoking command in '/home/mario/sam_bot_description/build/sam_bot_description': CMAKE_PREFIX_PATH=${CMAKE_PREFIX_PATH}:/home/mario/turtlebot3_ws/install/turtlebot3_teleop:/home/mario/turtlebot3_ws/install/turtlebot3_example:/home/mario/turtlebot3_ws/install/my_teleop:/home/mario/turtlebot3_ws/install/my_autodrive:/opt/ros/humble /usr/bin/cmake --build /home/mario/sam_bot_description/build/sam_bot_description -- -j4 -l4
[6.037s] DEBUG:colcon.colcon_core.event_handler.log_command:Invoked command in '/home/mario/sam_bot_description/build/sam_bot_description' returned '0': CMAKE_PREFIX_PATH=${CMAKE_PREFIX_PATH}:/home/mario/turtlebot3_ws/install/turtlebot3_teleop:/home/mario/turtlebot3_ws/install/turtlebot3_example:/home/mario/turtlebot3_ws/install/my_teleop:/home/mario/turtlebot3_ws/install/my_autodrive:/opt/ros/humble /usr/bin/cmake --build /home/mario/sam_bot_description/build/sam_bot_description -- -j4 -l4
[6.070s] DEBUG:colcon.colcon_core.event_handler.log_command:Invoking command in '/home/mario/sam_bot_description/build/sam_bot_description': CMAKE_PREFIX_PATH=${CMAKE_PREFIX_PATH}:/home/mario/turtlebot3_ws/install/turtlebot3_teleop:/home/mario/turtlebot3_ws/install/turtlebot3_example:/home/mario/turtlebot3_ws/install/my_teleop:/home/mario/turtlebot3_ws/install/my_autodrive:/opt/ros/humble /usr/bin/cmake --install /home/mario/sam_bot_description/build/sam_bot_description
[6.126s] Level 1:colcon.colcon_core.environment:create_environment_scripts_only(sam_bot_description)
[6.127s] DEBUG:colcon.colcon_core.event_handler.log_command:Invoked command in '/home/mario/sam_bot_description/build/sam_bot_description' returned '0': CMAKE_PREFIX_PATH=${CMAKE_PREFIX_PATH}:/home/mario/turtlebot3_ws/install/turtlebot3_teleop:/home/mario/turtlebot3_ws/install/turtlebot3_example:/home/mario/turtlebot3_ws/install/my_teleop:/home/mario/turtlebot3_ws/install/my_autodrive:/opt/ros/humble /usr/bin/cmake --install /home/mario/sam_bot_description/build/sam_bot_description
[6.159s] Level 1:colcon.colcon_core.environment:checking '/home/mario/sam_bot_description/install/sam_bot_description' for CMake module files
[6.160s] Level 1:colcon.colcon_core.environment:checking '/home/mario/sam_bot_description/install/sam_bot_description' for CMake config files
[6.160s] Level 1:colcon.colcon_core.shell:create_environment_hook('sam_bot_description', 'cmake_prefix_path')
[6.161s] INFO:colcon.colcon_core.shell:Creating environment hook '/home/mario/sam_bot_description/install/sam_bot_description/share/sam_bot_description/hook/cmake_prefix_path.ps1'
[6.163s] INFO:colcon.colcon_core.shell:Creating environment descriptor '/home/mario/sam_bot_description/install/sam_bot_description/share/sam_bot_description/hook/cmake_prefix_path.dsv'
[6.165s] INFO:colcon.colcon_core.shell:Creating environment hook '/home/mario/sam_bot_description/install/sam_bot_description/share/sam_bot_description/hook/cmake_prefix_path.sh'
[6.168s] Level 1:colcon.colcon_core.environment:checking '/home/mario/sam_bot_description/install/sam_bot_description/bin'
[6.168s] Level 1:colcon.colcon_core.environment:checking '/home/mario/sam_bot_description/install/sam_bot_description/lib/pkgconfig/sam_bot_description.pc'
[6.168s] Level 1:colcon.colcon_core.environment:checking '/home/mario/sam_bot_description/install/sam_bot_description/lib/python3.10/site-packages'
[6.169s] Level 1:colcon.colcon_core.environment:checking '/home/mario/sam_bot_description/install/sam_bot_description/bin'
[6.169s] INFO:colcon.colcon_core.shell:Creating package script '/home/mario/sam_bot_description/install/sam_bot_description/share/sam_bot_description/package.ps1'
[6.200s] INFO:colcon.colcon_core.shell:Creating package descriptor '/home/mario/sam_bot_description/install/sam_bot_description/share/sam_bot_description/package.dsv'
[6.201s] INFO:colcon.colcon_core.shell:Creating package script '/home/mario/sam_bot_description/install/sam_bot_description/share/sam_bot_description/package.sh'
[6.203s] INFO:colcon.colcon_core.shell:Creating package script '/home/mario/sam_bot_description/install/sam_bot_description/share/sam_bot_description/package.bash'
[6.205s] INFO:colcon.colcon_core.shell:Creating package script '/home/mario/sam_bot_description/install/sam_bot_description/share/sam_bot_description/package.zsh'
[6.207s] Level 1:colcon.colcon_core.environment:create_file_with_runtime_dependencies(/home/mario/sam_bot_description/install/sam_bot_description/share/colcon-core/packages/sam_bot_description)
[6.208s] Level 1:colcon.colcon_core.environment:create_environment_scripts_only(sam_bot_description)
[6.208s] Level 1:colcon.colcon_core.environment:checking '/home/mario/sam_bot_description/install/sam_bot_description' for CMake module files
[6.209s] Level 1:colcon.colcon_core.environment:checking '/home/mario/sam_bot_description/install/sam_bot_description' for CMake config files
[6.209s] Level 1:colcon.colcon_core.shell:create_environment_hook('sam_bot_description', 'cmake_prefix_path')
[6.209s] INFO:colcon.colcon_core.shell:Creating environment hook '/home/mario/sam_bot_description/install/sam_bot_description/share/sam_bot_description/hook/cmake_prefix_path.ps1'
[6.210s] INFO:colcon.colcon_core.shell:Creating environment descriptor '/home/mario/sam_bot_description/install/sam_bot_description/share/sam_bot_description/hook/cmake_prefix_path.dsv'
[6.210s] INFO:colcon.colcon_core.shell:Creating environment hook '/home/mario/sam_bot_description/install/sam_bot_description/share/sam_bot_description/hook/cmake_prefix_path.sh'
[6.211s] Level 1:colcon.colcon_core.environment:checking '/home/mario/sam_bot_description/install/sam_bot_description/bin'
[6.211s] Level 1:colcon.colcon_core.environment:checking '/home/mario/sam_bot_description/install/sam_bot_description/lib/pkgconfig/sam_bot_description.pc'
[6.211s] Level 1:colcon.colcon_core.environment:checking '/home/mario/sam_bot_description/install/sam_bot_description/lib/python3.10/site-packages'
[6.212s] Level 1:colcon.colcon_core.environment:checking '/home/mario/sam_bot_description/install/sam_bot_description/bin'
[6.212s] INFO:colcon.colcon_core.shell:Creating package script '/home/mario/sam_bot_description/install/sam_bot_description/share/sam_bot_description/package.ps1'
[6.213s] INFO:colcon.colcon_core.shell:Creating package descriptor '/home/mario/sam_bot_description/install/sam_bot_description/share/sam_bot_description/package.dsv'
[6.214s] INFO:colcon.colcon_core.shell:Creating package script '/home/mario/sam_bot_description/install/sam_bot_description/share/sam_bot_description/package.sh'
[6.214s] INFO:colcon.colcon_core.shell:Creating package script '/home/mario/sam_bot_description/install/sam_bot_description/share/sam_bot_description/package.bash'
[6.215s] INFO:colcon.colcon_core.shell:Creating package script '/home/mario/sam_bot_description/install/sam_bot_description/share/sam_bot_description/package.zsh'
[6.215s] Level 1:colcon.colcon_core.environment:create_file_with_runtime_dependencies(/home/mario/sam_bot_description/install/sam_bot_description/share/colcon-core/packages/sam_bot_description)
[6.216s] DEBUG:colcon.colcon_parallel_executor.executor.parallel:closing loop
[6.217s] DEBUG:colcon.colcon_parallel_executor.executor.parallel:loop closed
[6.217s] DEBUG:colcon.colcon_parallel_executor.executor.parallel:run_until_complete finished with '0'
[6.217s] DEBUG:colcon.colcon_core.event_reactor:joining thread
[6.228s] INFO:colcon.colcon_core.plugin_system:Skipping extension 'colcon_notification.desktop_notification.terminal_notifier': Not used on non-Darwin systems
[6.228s] INFO:colcon.colcon_core.plugin_system:Skipping extension 'colcon_notification.desktop_notification.win32': Not used on non-Windows systems
[6.228s] INFO:colcon.colcon_notification.desktop_notification:Sending desktop notification using 'notify2'
[6.253s] DEBUG:colcon.colcon_core.event_reactor:joined thread
[6.253s] INFO:colcon.colcon_core.shell:Creating prefix script '/home/mario/sam_bot_description/install/local_setup.ps1'
[6.268s] INFO:colcon.colcon_core.shell:Creating prefix util module '/home/mario/sam_bot_description/install/_local_setup_util_ps1.py'
[6.270s] INFO:colcon.colcon_core.shell:Creating prefix chain script '/home/mario/sam_bot_description/install/setup.ps1'
[6.274s] INFO:colcon.colcon_core.shell:Creating prefix script '/home/mario/sam_bot_description/install/local_setup.sh'
[6.276s] INFO:colcon.colcon_core.shell:Creating prefix util module '/home/mario/sam_bot_description/install/_local_setup_util_sh.py'
[6.277s] INFO:colcon.colcon_core.shell:Creating prefix chain script '/home/mario/sam_bot_description/install/setup.sh'
[6.281s] INFO:colcon.colcon_core.shell:Creating prefix script '/home/mario/sam_bot_description/install/local_setup.bash'
[6.283s] INFO:colcon.colcon_core.shell:Creating prefix chain script '/home/mario/sam_bot_description/install/setup.bash'
[6.287s] INFO:colcon.colcon_core.shell:Creating prefix script '/home/mario/sam_bot_description/install/local_setup.zsh'
[6.289s] INFO:colcon.colcon_core.shell:Creating prefix chain script '/home/mario/sam_bot_description/install/setup.zsh'
