[0.906s] DEBUG:colcon:Command line arguments: ['/usr/bin/colcon', 'build', '--symlink-install']
[0.906s] DEBUG:colcon:Parsed command line arguments: Namespace(log_base=None, log_level=None, verb_name='build', build_base='build', install_base='install', merge_install=False, symlink_install=True, test_result_base=None, continue_on_error=False, executor='parallel', parallel_workers=4, event_handlers=None, ignore_user_meta=False, metas=['./colcon.meta'], base_paths=['.'], packages_ignore=None, packages_ignore_regex=None, paths=None, packages_up_to=None, packages_up_to_regex=None, packages_above=None, packages_above_and_dependencies=None, packages_above_depth=None, packages_select_by_dep=None, packages_skip_by_dep=None, packages_skip_up_to=None, packages_select_build_failed=False, packages_skip_build_finished=False, packages_select_test_failures=False, packages_skip_test_passed=False, packages_select=None, packages_skip=None, packages_select_regex=None, packages_skip_regex=None, packages_start=None, packages_end=None, allow_overriding=[], cmake_args=None, cmake_target=None, cmake_target_skip_unavailable=False, cmake_clean_cache=False, cmake_clean_first=False, cmake_force_configure=False, ament_cmake_args=None, catkin_cmake_args=None, catkin_skip_building_tests=False, verb_parser=<colcon_defaults.argument_parser.defaults.DefaultArgumentsDecorator object at 0x7daba21ca710>, verb_extension=<colcon_core.verb.build.BuildVerb object at 0x7daba21ca140>, main=<bound method BuildVerb.main of <colcon_core.verb.build.BuildVerb object at 0x7daba21ca140>>)
[1.093s] Level 1:colcon.colcon_core.package_discovery:discover_packages(colcon_meta) check parameters
[1.093s] Level 1:colcon.colcon_core.package_discovery:discover_packages(recursive) check parameters
[1.093s] Level 1:colcon.colcon_core.package_discovery:discover_packages(ignore) check parameters
[1.093s] Level 1:colcon.colcon_core.package_discovery:discover_packages(path) check parameters
[1.093s] Level 1:colcon.colcon_core.package_discovery:discover_packages(colcon_meta) discover
[1.093s] Level 1:colcon.colcon_core.package_discovery:discover_packages(recursive) discover
[1.093s] INFO:colcon.colcon_core.package_discovery:Crawling recursively for packages in '/home/mario/sam_bot_description'
[1.093s] Level 1:colcon.colcon_core.package_identification:_identify(.) by extensions ['ignore', 'ignore_ament_install']
[1.094s] Level 1:colcon.colcon_core.package_identification:_identify(.) by extension 'ignore'
[1.094s] Level 1:colcon.colcon_core.package_identification:_identify(.) by extension 'ignore_ament_install'
[1.094s] Level 1:colcon.colcon_core.package_identification:_identify(.) by extensions ['colcon_pkg']
[1.094s] Level 1:colcon.colcon_core.package_identification:_identify(.) by extension 'colcon_pkg'
[1.094s] Level 1:colcon.colcon_core.package_identification:_identify(.) by extensions ['colcon_meta']
[1.094s] Level 1:colcon.colcon_core.package_identification:_identify(.) by extension 'colcon_meta'
[1.094s] Level 1:colcon.colcon_core.package_identification:_identify(.) by extensions ['ros']
[1.094s] Level 1:colcon.colcon_core.package_identification:_identify(.) by extension 'ros'
[1.106s] DEBUG:colcon.colcon_core.package_identification:Package '.' with type 'ros.ament_cmake' and name 'sam_bot_description'
[1.106s] Level 1:colcon.colcon_core.package_discovery:discover_packages(recursive) using defaults
[1.106s] Level 1:colcon.colcon_core.package_discovery:discover_packages(ignore) discover
[1.106s] Level 1:colcon.colcon_core.package_discovery:discover_packages(ignore) using defaults
[1.106s] Level 1:colcon.colcon_core.package_discovery:discover_packages(path) discover
[1.106s] Level 1:colcon.colcon_core.package_discovery:discover_packages(path) using defaults
[1.137s] Level 1:colcon.colcon_core.package_discovery:discover_packages(prefix_path) check parameters
[1.137s] Level 1:colcon.colcon_core.package_discovery:discover_packages(prefix_path) discover
[1.139s] DEBUG:colcon.colcon_installed_package_information.package_discovery:Found 1 installed packages in /home/mario/sam_bot_description/install
[1.241s] DEBUG:colcon.colcon_installed_package_information.package_discovery:Found 18 installed packages in /home/mario/turtlebot3_ws/install
[1.243s] DEBUG:colcon.colcon_installed_package_information.package_discovery:Found 419 installed packages in /opt/ros/humble
[1.246s] Level 1:colcon.colcon_core.package_discovery:discover_packages(prefix_path) using defaults
[2.083s] Level 5:colcon.colcon_core.verb:set package 'sam_bot_description' build argument 'cmake_args' from command line to 'None'
[2.083s] Level 5:colcon.colcon_core.verb:set package 'sam_bot_description' build argument 'cmake_target' from command line to 'None'
[2.083s] Level 5:colcon.colcon_core.verb:set package 'sam_bot_description' build argument 'cmake_target_skip_unavailable' from command line to 'False'
[2.083s] Level 5:colcon.colcon_core.verb:set package 'sam_bot_description' build argument 'cmake_clean_cache' from command line to 'False'
[2.084s] Level 5:colcon.colcon_core.verb:set package 'sam_bot_description' build argument 'cmake_clean_first' from command line to 'False'
[2.084s] Level 5:colcon.colcon_core.verb:set package 'sam_bot_description' build argument 'cmake_force_configure' from command line to 'False'
[2.084s] Level 5:colcon.colcon_core.verb:set package 'sam_bot_description' build argument 'ament_cmake_args' from command line to 'None'
[2.084s] Level 5:colcon.colcon_core.verb:set package 'sam_bot_description' build argument 'catkin_cmake_args' from command line to 'None'
[2.084s] Level 5:colcon.colcon_core.verb:set package 'sam_bot_description' build argument 'catkin_skip_building_tests' from command line to 'False'
[2.084s] DEBUG:colcon.colcon_core.verb:Building package 'sam_bot_description' with the following arguments: {'ament_cmake_args': None, 'build_base': '/home/mario/sam_bot_description/build/sam_bot_description', 'catkin_cmake_args': None, 'catkin_skip_building_tests': False, 'cmake_args': None, 'cmake_clean_cache': False, 'cmake_clean_first': False, 'cmake_force_configure': False, 'cmake_target': None, 'cmake_target_skip_unavailable': False, 'install_base': '/home/mario/sam_bot_description/install/sam_bot_description', 'merge_install': False, 'path': '/home/mario/sam_bot_description', 'symlink_install': True, 'test_result_base': None}
[2.084s] INFO:colcon.colcon_core.executor:Executing jobs using 'parallel' executor
[2.085s] DEBUG:colcon.colcon_parallel_executor.executor.parallel:run_until_complete
[2.086s] INFO:colcon.colcon_ros.task.ament_cmake.build:Building ROS package in '/home/mario/sam_bot_description' with build type 'ament_cmake'
[2.086s] INFO:colcon.colcon_cmake.task.cmake.build:Building CMake package in '/home/mario/sam_bot_description'
[2.089s] INFO:colcon.colcon_core.plugin_system:Skipping extension 'colcon_core.shell.bat': Not used on non-Windows systems
[2.090s] INFO:colcon.colcon_core.shell:Skip shell extension 'powershell' for command environment: Not usable outside of PowerShell
[2.090s] DEBUG:colcon.colcon_core.shell:Skip shell extension 'dsv' for command environment
[2.108s] DEBUG:colcon.colcon_core.event_handler.log_command:Invoking command in '/home/mario/sam_bot_description/build/sam_bot_description': CMAKE_PREFIX_PATH=${CMAKE_PREFIX_PATH}:/home/mario/turtlebot3_ws/install/turtlebot3_teleop:/home/mario/turtlebot3_ws/install/turtlebot3_example:/home/mario/turtlebot3_ws/install/my_teleop:/home/mario/turtlebot3_ws/install/my_autodrive:/opt/ros/humble /usr/bin/cmake --build /home/mario/sam_bot_description/build/sam_bot_description -- -j4 -l4
[2.170s] DEBUG:colcon.colcon_core.event_handler.log_command:Invoked command in '/home/mario/sam_bot_description/build/sam_bot_description' returned '0': CMAKE_PREFIX_PATH=${CMAKE_PREFIX_PATH}:/home/mario/turtlebot3_ws/install/turtlebot3_teleop:/home/mario/turtlebot3_ws/install/turtlebot3_example:/home/mario/turtlebot3_ws/install/my_teleop:/home/mario/turtlebot3_ws/install/my_autodrive:/opt/ros/humble /usr/bin/cmake --build /home/mario/sam_bot_description/build/sam_bot_description -- -j4 -l4
[2.186s] DEBUG:colcon.colcon_core.event_handler.log_command:Invoking command in '/home/mario/sam_bot_description/build/sam_bot_description': CMAKE_PREFIX_PATH=${CMAKE_PREFIX_PATH}:/home/mario/turtlebot3_ws/install/turtlebot3_teleop:/home/mario/turtlebot3_ws/install/turtlebot3_example:/home/mario/turtlebot3_ws/install/my_teleop:/home/mario/turtlebot3_ws/install/my_autodrive:/opt/ros/humble /usr/bin/cmake --install /home/mario/sam_bot_description/build/sam_bot_description
[2.236s] Level 1:colcon.colcon_core.environment:create_environment_scripts_only(sam_bot_description)
[2.237s] DEBUG:colcon.colcon_core.event_handler.log_command:Invoked command in '/home/mario/sam_bot_description/build/sam_bot_description' returned '0': CMAKE_PREFIX_PATH=${CMAKE_PREFIX_PATH}:/home/mario/turtlebot3_ws/install/turtlebot3_teleop:/home/mario/turtlebot3_ws/install/turtlebot3_example:/home/mario/turtlebot3_ws/install/my_teleop:/home/mario/turtlebot3_ws/install/my_autodrive:/opt/ros/humble /usr/bin/cmake --install /home/mario/sam_bot_description/build/sam_bot_description
[2.240s] Level 1:colcon.colcon_core.environment:checking '/home/mario/sam_bot_description/install/sam_bot_description' for CMake module files
[2.241s] Level 1:colcon.colcon_core.environment:checking '/home/mario/sam_bot_description/install/sam_bot_description' for CMake config files
[2.241s] Level 1:colcon.colcon_core.shell:create_environment_hook('sam_bot_description', 'cmake_prefix_path')
[2.241s] INFO:colcon.colcon_core.shell:Creating environment hook '/home/mario/sam_bot_description/install/sam_bot_description/share/sam_bot_description/hook/cmake_prefix_path.ps1'
[2.242s] INFO:colcon.colcon_core.shell:Creating environment descriptor '/home/mario/sam_bot_description/install/sam_bot_description/share/sam_bot_description/hook/cmake_prefix_path.dsv'
[2.243s] INFO:colcon.colcon_core.shell:Creating environment hook '/home/mario/sam_bot_description/install/sam_bot_description/share/sam_bot_description/hook/cmake_prefix_path.sh'
[2.244s] Level 1:colcon.colcon_core.environment:checking '/home/mario/sam_bot_description/install/sam_bot_description/bin'
[2.244s] Level 1:colcon.colcon_core.environment:checking '/home/mario/sam_bot_description/install/sam_bot_description/lib/pkgconfig/sam_bot_description.pc'
[2.244s] Level 1:colcon.colcon_core.environment:checking '/home/mario/sam_bot_description/install/sam_bot_description/lib/python3.10/site-packages'
[2.244s] Level 1:colcon.colcon_core.environment:checking '/home/mario/sam_bot_description/install/sam_bot_description/bin'
[2.245s] INFO:colcon.colcon_core.shell:Creating package script '/home/mario/sam_bot_description/install/sam_bot_description/share/sam_bot_description/package.ps1'
[2.246s] INFO:colcon.colcon_core.shell:Creating package descriptor '/home/mario/sam_bot_description/install/sam_bot_description/share/sam_bot_description/package.dsv'
[2.247s] INFO:colcon.colcon_core.shell:Creating package script '/home/mario/sam_bot_description/install/sam_bot_description/share/sam_bot_description/package.sh'
[2.247s] INFO:colcon.colcon_core.shell:Creating package script '/home/mario/sam_bot_description/install/sam_bot_description/share/sam_bot_description/package.bash'
[2.248s] INFO:colcon.colcon_core.shell:Creating package script '/home/mario/sam_bot_description/install/sam_bot_description/share/sam_bot_description/package.zsh'
[2.249s] Level 1:colcon.colcon_core.environment:create_file_with_runtime_dependencies(/home/mario/sam_bot_description/install/sam_bot_description/share/colcon-core/packages/sam_bot_description)
[2.250s] Level 1:colcon.colcon_core.environment:create_environment_scripts_only(sam_bot_description)
[2.250s] Level 1:colcon.colcon_core.environment:checking '/home/mario/sam_bot_description/install/sam_bot_description' for CMake module files
[2.251s] Level 1:colcon.colcon_core.environment:checking '/home/mario/sam_bot_description/install/sam_bot_description' for CMake config files
[2.251s] Level 1:colcon.colcon_core.shell:create_environment_hook('sam_bot_description', 'cmake_prefix_path')
[2.251s] INFO:colcon.colcon_core.shell:Creating environment hook '/home/mario/sam_bot_description/install/sam_bot_description/share/sam_bot_description/hook/cmake_prefix_path.ps1'
[2.252s] INFO:colcon.colcon_core.shell:Creating environment descriptor '/home/mario/sam_bot_description/install/sam_bot_description/share/sam_bot_description/hook/cmake_prefix_path.dsv'
[2.252s] INFO:colcon.colcon_core.shell:Creating environment hook '/home/mario/sam_bot_description/install/sam_bot_description/share/sam_bot_description/hook/cmake_prefix_path.sh'
[2.253s] Level 1:colcon.colcon_core.environment:checking '/home/mario/sam_bot_description/install/sam_bot_description/bin'
[2.253s] Level 1:colcon.colcon_core.environment:checking '/home/mario/sam_bot_description/install/sam_bot_description/lib/pkgconfig/sam_bot_description.pc'
[2.253s] Level 1:colcon.colcon_core.environment:checking '/home/mario/sam_bot_description/install/sam_bot_description/lib/python3.10/site-packages'
[2.254s] Level 1:colcon.colcon_core.environment:checking '/home/mario/sam_bot_description/install/sam_bot_description/bin'
[2.254s] INFO:colcon.colcon_core.shell:Creating package script '/home/mario/sam_bot_description/install/sam_bot_description/share/sam_bot_description/package.ps1'
[2.255s] INFO:colcon.colcon_core.shell:Creating package descriptor '/home/mario/sam_bot_description/install/sam_bot_description/share/sam_bot_description/package.dsv'
[2.256s] INFO:colcon.colcon_core.shell:Creating package script '/home/mario/sam_bot_description/install/sam_bot_description/share/sam_bot_description/package.sh'
[2.256s] INFO:colcon.colcon_core.shell:Creating package script '/home/mario/sam_bot_description/install/sam_bot_description/share/sam_bot_description/package.bash'
[2.257s] INFO:colcon.colcon_core.shell:Creating package script '/home/mario/sam_bot_description/install/sam_bot_description/share/sam_bot_description/package.zsh'
[2.258s] Level 1:colcon.colcon_core.environment:create_file_with_runtime_dependencies(/home/mario/sam_bot_description/install/sam_bot_description/share/colcon-core/packages/sam_bot_description)
[2.259s] DEBUG:colcon.colcon_parallel_executor.executor.parallel:closing loop
[2.260s] DEBUG:colcon.colcon_parallel_executor.executor.parallel:loop closed
[2.260s] DEBUG:colcon.colcon_parallel_executor.executor.parallel:run_until_complete finished with '0'
[2.260s] DEBUG:colcon.colcon_core.event_reactor:joining thread
[2.266s] INFO:colcon.colcon_core.plugin_system:Skipping extension 'colcon_notification.desktop_notification.terminal_notifier': Not used on non-Darwin systems
[2.266s] INFO:colcon.colcon_core.plugin_system:Skipping extension 'colcon_notification.desktop_notification.win32': Not used on non-Windows systems
[2.266s] INFO:colcon.colcon_notification.desktop_notification:Sending desktop notification using 'notify2'
[2.280s] DEBUG:colcon.colcon_core.event_reactor:joined thread
[2.280s] INFO:colcon.colcon_core.shell:Creating prefix script '/home/mario/sam_bot_description/install/local_setup.ps1'
[2.282s] INFO:colcon.colcon_core.shell:Creating prefix util module '/home/mario/sam_bot_description/install/_local_setup_util_ps1.py'
[2.283s] INFO:colcon.colcon_core.shell:Creating prefix chain script '/home/mario/sam_bot_description/install/setup.ps1'
[2.286s] INFO:colcon.colcon_core.shell:Creating prefix script '/home/mario/sam_bot_description/install/local_setup.sh'
[2.287s] INFO:colcon.colcon_core.shell:Creating prefix util module '/home/mario/sam_bot_description/install/_local_setup_util_sh.py'
[2.288s] INFO:colcon.colcon_core.shell:Creating prefix chain script '/home/mario/sam_bot_description/install/setup.sh'
[2.292s] INFO:colcon.colcon_core.shell:Creating prefix script '/home/mario/sam_bot_description/install/local_setup.bash'
[2.292s] INFO:colcon.colcon_core.shell:Creating prefix chain script '/home/mario/sam_bot_description/install/setup.bash'
[2.295s] INFO:colcon.colcon_core.shell:Creating prefix script '/home/mario/sam_bot_description/install/local_setup.zsh'
[2.296s] INFO:colcon.colcon_core.shell:Creating prefix chain script '/home/mario/sam_bot_description/install/setup.zsh'
