-- Found ament_cmake: 1.3.14 (/opt/ros/humble/share/ament_cmake/cmake)
-- Override CMake install command with custom implementation using symlinks instead of copying resources
-- Found ament_lint_auto: 0.12.15 (/opt/ros/humble/share/ament_lint_auto/cmake)
-- Added test 'cppcheck' to perform static code analysis on C / C++ code
-- Configured cppcheck include dirs: 
-- Configured cppcheck exclude dirs and/or files: 
-- Added test 'flake8' to check Python code syntax and style conventions
-- Added test 'lint_cmake' to check CMake code style
-- Added test 'pep257' to check Python code against some of the docstring style conventions in PEP 257
-- Added test 'uncrustify' to check C / C++ code style
-- Configured uncrustify additional arguments: 
-- Added test 'xmllint' to check XML markup files
-- Configuring done
-- Generating done
-- Build files have been written to: /home/mario/sam_bot_description/build/sam_bot_description
-- Install configuration: ""
-- Execute custom install script
-- Symlinking: /home/mario/sam_bot_description/install/sam_bot_description/share/sam_bot_description/src/description/sam_bot_description (copy).urdf
-- Symlinking: /home/mario/sam_bot_description/install/sam_bot_description/share/sam_bot_description/src/description/sam_bot_description.urdf
-- Symlinking: /home/mario/sam_bot_description/install/sam_bot_description/share/sam_bot_description/launch/display.launch.py
-- Symlinking: /home/mario/sam_bot_description/install/sam_bot_description/share/sam_bot_description/rviz/urdf_config.rviz
-- Symlinking: /home/mario/sam_bot_description/install/sam_bot_description/share/ament_index/resource_index/package_run_dependencies/sam_bot_description
-- Symlinking: /home/mario/sam_bot_description/install/sam_bot_description/share/ament_index/resource_index/parent_prefix_path/sam_bot_description
-- Symlinking: /home/mario/sam_bot_description/install/sam_bot_description/share/sam_bot_description/environment/ament_prefix_path.sh
-- Symlinking: /home/mario/sam_bot_description/install/sam_bot_description/share/sam_bot_description/environment/ament_prefix_path.dsv
-- Symlinking: /home/mario/sam_bot_description/install/sam_bot_description/share/sam_bot_description/environment/path.sh
-- Symlinking: /home/mario/sam_bot_description/install/sam_bot_description/share/sam_bot_description/environment/path.dsv
-- Symlinking: /home/mario/sam_bot_description/install/sam_bot_description/share/sam_bot_description/local_setup.bash
-- Symlinking: /home/mario/sam_bot_description/install/sam_bot_description/share/sam_bot_description/local_setup.sh
-- Symlinking: /home/mario/sam_bot_description/install/sam_bot_description/share/sam_bot_description/local_setup.zsh
-- Symlinking: /home/mario/sam_bot_description/install/sam_bot_description/share/sam_bot_description/local_setup.dsv
-- Symlinking: /home/mario/sam_bot_description/install/sam_bot_description/share/sam_bot_description/package.dsv
-- Symlinking: /home/mario/sam_bot_description/install/sam_bot_description/share/ament_index/resource_index/packages/sam_bot_description
-- Symlinking: /home/mario/sam_bot_description/install/sam_bot_description/share/sam_bot_description/cmake/sam_bot_descriptionConfig.cmake
-- Symlinking: /home/mario/sam_bot_description/install/sam_bot_description/share/sam_bot_description/cmake/sam_bot_descriptionConfig-version.cmake
-- Symlinking: /home/mario/sam_bot_description/install/sam_bot_description/share/sam_bot_description/package.xml
