[0.406s] DEBUG:colcon:Command line arguments: ['/usr/bin/colcon', 'build']
[0.406s] DEBUG:colcon:Parsed command line arguments: Namespace(log_base=None, log_level=None, verb_name='build', build_base='build', install_base='install', merge_install=False, symlink_install=False, test_result_base=None, continue_on_error=False, executor='parallel', parallel_workers=4, event_handlers=None, ignore_user_meta=False, metas=['./colcon.meta'], base_paths=['.'], packages_ignore=None, packages_ignore_regex=None, paths=None, packages_up_to=None, packages_up_to_regex=None, packages_above=None, packages_above_and_dependencies=None, packages_above_depth=None, packages_select_by_dep=None, packages_skip_by_dep=None, packages_skip_up_to=None, packages_select_build_failed=False, packages_skip_build_finished=False, packages_select_test_failures=False, packages_skip_test_passed=False, packages_select=None, packages_skip=None, packages_select_regex=None, packages_skip_regex=None, packages_start=None, packages_end=None, allow_overriding=[], cmake_args=None, cmake_target=None, cmake_target_skip_unavailable=False, cmake_clean_cache=False, cmake_clean_first=False, cmake_force_configure=False, ament_cmake_args=None, catkin_cmake_args=None, catkin_skip_building_tests=False, verb_parser=<colcon_defaults.argument_parser.defaults.DefaultArgumentsDecorator object at 0x772beb062710>, verb_extension=<colcon_core.verb.build.BuildVerb object at 0x772beb062140>, main=<bound method BuildVerb.main of <colcon_core.verb.build.BuildVerb object at 0x772beb062140>>)
[4.582s] Level 1:colcon.colcon_core.package_discovery:discover_packages(colcon_meta) check parameters
[4.582s] Level 1:colcon.colcon_core.package_discovery:discover_packages(recursive) check parameters
[4.582s] Level 1:colcon.colcon_core.package_discovery:discover_packages(ignore) check parameters
[4.582s] Level 1:colcon.colcon_core.package_discovery:discover_packages(path) check parameters
[4.582s] Level 1:colcon.colcon_core.package_discovery:discover_packages(colcon_meta) discover
[4.582s] Level 1:colcon.colcon_core.package_discovery:discover_packages(recursive) discover
[4.582s] INFO:colcon.colcon_core.package_discovery:Crawling recursively for packages in '/home/mario/sam_bot_description'
[4.582s] Level 1:colcon.colcon_core.package_identification:_identify(.) by extensions ['ignore', 'ignore_ament_install']
[4.582s] Level 1:colcon.colcon_core.package_identification:_identify(.) by extension 'ignore'
[4.582s] Level 1:colcon.colcon_core.package_identification:_identify(.) by extension 'ignore_ament_install'
[4.582s] Level 1:colcon.colcon_core.package_identification:_identify(.) by extensions ['colcon_pkg']
[4.582s] Level 1:colcon.colcon_core.package_identification:_identify(.) by extension 'colcon_pkg'
[4.583s] Level 1:colcon.colcon_core.package_identification:_identify(.) by extensions ['colcon_meta']
[4.583s] Level 1:colcon.colcon_core.package_identification:_identify(.) by extension 'colcon_meta'
[4.583s] Level 1:colcon.colcon_core.package_identification:_identify(.) by extensions ['ros']
[4.583s] Level 1:colcon.colcon_core.package_identification:_identify(.) by extension 'ros'
[4.601s] DEBUG:colcon.colcon_core.package_identification:Package '.' with type 'ros.ament_cmake' and name 'sam_bot_description'
[4.601s] Level 1:colcon.colcon_core.package_discovery:discover_packages(recursive) using defaults
[4.601s] Level 1:colcon.colcon_core.package_discovery:discover_packages(ignore) discover
[4.601s] Level 1:colcon.colcon_core.package_discovery:discover_packages(ignore) using defaults
[4.601s] Level 1:colcon.colcon_core.package_discovery:discover_packages(path) discover
[4.601s] Level 1:colcon.colcon_core.package_discovery:discover_packages(path) using defaults
[4.767s] Level 1:colcon.colcon_core.package_discovery:discover_packages(prefix_path) check parameters
[4.767s] Level 1:colcon.colcon_core.package_discovery:discover_packages(prefix_path) discover
[4.798s] DEBUG:colcon.colcon_installed_package_information.package_discovery:Found 1 installed packages in /home/mario/sam_bot_description/install
[4.799s] DEBUG:colcon.colcon_installed_package_information.package_discovery:Found 18 installed packages in /home/mario/turtlebot3_ws/install
[4.801s] DEBUG:colcon.colcon_installed_package_information.package_discovery:Found 419 installed packages in /opt/ros/humble
[4.802s] Level 1:colcon.colcon_core.package_discovery:discover_packages(prefix_path) using defaults
[5.292s] Level 5:colcon.colcon_core.verb:set package 'sam_bot_description' build argument 'cmake_args' from command line to 'None'
[5.292s] Level 5:colcon.colcon_core.verb:set package 'sam_bot_description' build argument 'cmake_target' from command line to 'None'
[5.292s] Level 5:colcon.colcon_core.verb:set package 'sam_bot_description' build argument 'cmake_target_skip_unavailable' from command line to 'False'
[5.292s] Level 5:colcon.colcon_core.verb:set package 'sam_bot_description' build argument 'cmake_clean_cache' from command line to 'False'
[5.292s] Level 5:colcon.colcon_core.verb:set package 'sam_bot_description' build argument 'cmake_clean_first' from command line to 'False'
[5.292s] Level 5:colcon.colcon_core.verb:set package 'sam_bot_description' build argument 'cmake_force_configure' from command line to 'False'
[5.292s] Level 5:colcon.colcon_core.verb:set package 'sam_bot_description' build argument 'ament_cmake_args' from command line to 'None'
[5.292s] Level 5:colcon.colcon_core.verb:set package 'sam_bot_description' build argument 'catkin_cmake_args' from command line to 'None'
[5.292s] Level 5:colcon.colcon_core.verb:set package 'sam_bot_description' build argument 'catkin_skip_building_tests' from command line to 'False'
[5.292s] DEBUG:colcon.colcon_core.verb:Building package 'sam_bot_description' with the following arguments: {'ament_cmake_args': None, 'build_base': '/home/mario/sam_bot_description/build/sam_bot_description', 'catkin_cmake_args': None, 'catkin_skip_building_tests': False, 'cmake_args': None, 'cmake_clean_cache': False, 'cmake_clean_first': False, 'cmake_force_configure': False, 'cmake_target': None, 'cmake_target_skip_unavailable': False, 'install_base': '/home/mario/sam_bot_description/install/sam_bot_description', 'merge_install': False, 'path': '/home/mario/sam_bot_description', 'symlink_install': False, 'test_result_base': None}
[5.292s] INFO:colcon.colcon_core.executor:Executing jobs using 'parallel' executor
[5.293s] DEBUG:colcon.colcon_parallel_executor.executor.parallel:run_until_complete
[5.294s] INFO:colcon.colcon_ros.task.ament_cmake.build:Building ROS package in '/home/mario/sam_bot_description' with build type 'ament_cmake'
[5.294s] INFO:colcon.colcon_cmake.task.cmake.build:Building CMake package in '/home/mario/sam_bot_description'
[5.308s] INFO:colcon.colcon_core.plugin_system:Skipping extension 'colcon_core.shell.bat': Not used on non-Windows systems
[5.308s] INFO:colcon.colcon_core.shell:Skip shell extension 'powershell' for command environment: Not usable outside of PowerShell
[5.308s] DEBUG:colcon.colcon_core.shell:Skip shell extension 'dsv' for command environment
[5.361s] DEBUG:colcon.colcon_core.event_handler.log_command:Invoking command in '/home/mario/sam_bot_description/build/sam_bot_description': CMAKE_PREFIX_PATH=${CMAKE_PREFIX_PATH}:/home/mario/turtlebot3_ws/install/turtlebot3_teleop:/home/mario/turtlebot3_ws/install/turtlebot3_example:/home/mario/turtlebot3_ws/install/my_teleop:/home/mario/turtlebot3_ws/install/my_autodrive:/opt/ros/humble /usr/bin/cmake /home/mario/sam_bot_description -DCMAKE_INSTALL_PREFIX=/home/mario/sam_bot_description/install/sam_bot_description
[6.732s] DEBUG:colcon.colcon_core.event_handler.log_command:Invoked command in '/home/mario/sam_bot_description/build/sam_bot_description' returned '0': CMAKE_PREFIX_PATH=${CMAKE_PREFIX_PATH}:/home/mario/turtlebot3_ws/install/turtlebot3_teleop:/home/mario/turtlebot3_ws/install/turtlebot3_example:/home/mario/turtlebot3_ws/install/my_teleop:/home/mario/turtlebot3_ws/install/my_autodrive:/opt/ros/humble /usr/bin/cmake /home/mario/sam_bot_description -DCMAKE_INSTALL_PREFIX=/home/mario/sam_bot_description/install/sam_bot_description
[6.737s] DEBUG:colcon.colcon_core.event_handler.log_command:Invoking command in '/home/mario/sam_bot_description/build/sam_bot_description': CMAKE_PREFIX_PATH=${CMAKE_PREFIX_PATH}:/home/mario/turtlebot3_ws/install/turtlebot3_teleop:/home/mario/turtlebot3_ws/install/turtlebot3_example:/home/mario/turtlebot3_ws/install/my_teleop:/home/mario/turtlebot3_ws/install/my_autodrive:/opt/ros/humble /usr/bin/cmake --build /home/mario/sam_bot_description/build/sam_bot_description -- -j4 -l4
[6.806s] DEBUG:colcon.colcon_core.event_handler.log_command:Invoked command in '/home/mario/sam_bot_description/build/sam_bot_description' returned '0': CMAKE_PREFIX_PATH=${CMAKE_PREFIX_PATH}:/home/mario/turtlebot3_ws/install/turtlebot3_teleop:/home/mario/turtlebot3_ws/install/turtlebot3_example:/home/mario/turtlebot3_ws/install/my_teleop:/home/mario/turtlebot3_ws/install/my_autodrive:/opt/ros/humble /usr/bin/cmake --build /home/mario/sam_bot_description/build/sam_bot_description -- -j4 -l4
[6.821s] DEBUG:colcon.colcon_core.event_handler.log_command:Invoking command in '/home/mario/sam_bot_description/build/sam_bot_description': CMAKE_PREFIX_PATH=${CMAKE_PREFIX_PATH}:/home/mario/turtlebot3_ws/install/turtlebot3_teleop:/home/mario/turtlebot3_ws/install/turtlebot3_example:/home/mario/turtlebot3_ws/install/my_teleop:/home/mario/turtlebot3_ws/install/my_autodrive:/opt/ros/humble /usr/bin/cmake --install /home/mario/sam_bot_description/build/sam_bot_description
[6.855s] Level 1:colcon.colcon_core.environment:create_environment_scripts_only(sam_bot_description)
[6.856s] DEBUG:colcon.colcon_core.event_handler.log_command:Invoked command in '/home/mario/sam_bot_description/build/sam_bot_description' returned '0': CMAKE_PREFIX_PATH=${CMAKE_PREFIX_PATH}:/home/mario/turtlebot3_ws/install/turtlebot3_teleop:/home/mario/turtlebot3_ws/install/turtlebot3_example:/home/mario/turtlebot3_ws/install/my_teleop:/home/mario/turtlebot3_ws/install/my_autodrive:/opt/ros/humble /usr/bin/cmake --install /home/mario/sam_bot_description/build/sam_bot_description
[6.894s] Level 1:colcon.colcon_core.environment:checking '/home/mario/sam_bot_description/install/sam_bot_description' for CMake module files
[6.895s] Level 1:colcon.colcon_core.environment:checking '/home/mario/sam_bot_description/install/sam_bot_description' for CMake config files
[6.895s] Level 1:colcon.colcon_core.shell:create_environment_hook('sam_bot_description', 'cmake_prefix_path')
[6.895s] INFO:colcon.colcon_core.shell:Creating environment hook '/home/mario/sam_bot_description/install/sam_bot_description/share/sam_bot_description/hook/cmake_prefix_path.ps1'
[6.897s] INFO:colcon.colcon_core.shell:Creating environment descriptor '/home/mario/sam_bot_description/install/sam_bot_description/share/sam_bot_description/hook/cmake_prefix_path.dsv'
[6.898s] INFO:colcon.colcon_core.shell:Creating environment hook '/home/mario/sam_bot_description/install/sam_bot_description/share/sam_bot_description/hook/cmake_prefix_path.sh'
[6.900s] Level 1:colcon.colcon_core.environment:checking '/home/mario/sam_bot_description/install/sam_bot_description/bin'
[6.900s] Level 1:colcon.colcon_core.environment:checking '/home/mario/sam_bot_description/install/sam_bot_description/lib/pkgconfig/sam_bot_description.pc'
[6.901s] Level 1:colcon.colcon_core.environment:checking '/home/mario/sam_bot_description/install/sam_bot_description/lib/python3.10/site-packages'
[6.901s] Level 1:colcon.colcon_core.environment:checking '/home/mario/sam_bot_description/install/sam_bot_description/bin'
[6.901s] INFO:colcon.colcon_core.shell:Creating package script '/home/mario/sam_bot_description/install/sam_bot_description/share/sam_bot_description/package.ps1'
[6.903s] INFO:colcon.colcon_core.shell:Creating package descriptor '/home/mario/sam_bot_description/install/sam_bot_description/share/sam_bot_description/package.dsv'
[6.904s] INFO:colcon.colcon_core.shell:Creating package script '/home/mario/sam_bot_description/install/sam_bot_description/share/sam_bot_description/package.sh'
[6.905s] INFO:colcon.colcon_core.shell:Creating package script '/home/mario/sam_bot_description/install/sam_bot_description/share/sam_bot_description/package.bash'
[6.907s] INFO:colcon.colcon_core.shell:Creating package script '/home/mario/sam_bot_description/install/sam_bot_description/share/sam_bot_description/package.zsh'
[6.909s] Level 1:colcon.colcon_core.environment:create_file_with_runtime_dependencies(/home/mario/sam_bot_description/install/sam_bot_description/share/colcon-core/packages/sam_bot_description)
[6.910s] Level 1:colcon.colcon_core.environment:create_environment_scripts_only(sam_bot_description)
[6.910s] Level 1:colcon.colcon_core.environment:checking '/home/mario/sam_bot_description/install/sam_bot_description' for CMake module files
[6.911s] Level 1:colcon.colcon_core.environment:checking '/home/mario/sam_bot_description/install/sam_bot_description' for CMake config files
[6.911s] Level 1:colcon.colcon_core.shell:create_environment_hook('sam_bot_description', 'cmake_prefix_path')
[6.911s] INFO:colcon.colcon_core.shell:Creating environment hook '/home/mario/sam_bot_description/install/sam_bot_description/share/sam_bot_description/hook/cmake_prefix_path.ps1'
[6.912s] INFO:colcon.colcon_core.shell:Creating environment descriptor '/home/mario/sam_bot_description/install/sam_bot_description/share/sam_bot_description/hook/cmake_prefix_path.dsv'
[6.912s] INFO:colcon.colcon_core.shell:Creating environment hook '/home/mario/sam_bot_description/install/sam_bot_description/share/sam_bot_description/hook/cmake_prefix_path.sh'
[6.913s] Level 1:colcon.colcon_core.environment:checking '/home/mario/sam_bot_description/install/sam_bot_description/bin'
[6.913s] Level 1:colcon.colcon_core.environment:checking '/home/mario/sam_bot_description/install/sam_bot_description/lib/pkgconfig/sam_bot_description.pc'
[6.913s] Level 1:colcon.colcon_core.environment:checking '/home/mario/sam_bot_description/install/sam_bot_description/lib/python3.10/site-packages'
[6.914s] Level 1:colcon.colcon_core.environment:checking '/home/mario/sam_bot_description/install/sam_bot_description/bin'
[6.914s] INFO:colcon.colcon_core.shell:Creating package script '/home/mario/sam_bot_description/install/sam_bot_description/share/sam_bot_description/package.ps1'
[6.915s] INFO:colcon.colcon_core.shell:Creating package descriptor '/home/mario/sam_bot_description/install/sam_bot_description/share/sam_bot_description/package.dsv'
[6.915s] INFO:colcon.colcon_core.shell:Creating package script '/home/mario/sam_bot_description/install/sam_bot_description/share/sam_bot_description/package.sh'
[6.916s] INFO:colcon.colcon_core.shell:Creating package script '/home/mario/sam_bot_description/install/sam_bot_description/share/sam_bot_description/package.bash'
[6.916s] INFO:colcon.colcon_core.shell:Creating package script '/home/mario/sam_bot_description/install/sam_bot_description/share/sam_bot_description/package.zsh'
[6.917s] Level 1:colcon.colcon_core.environment:create_file_with_runtime_dependencies(/home/mario/sam_bot_description/install/sam_bot_description/share/colcon-core/packages/sam_bot_description)
[6.918s] DEBUG:colcon.colcon_parallel_executor.executor.parallel:closing loop
[6.918s] DEBUG:colcon.colcon_parallel_executor.executor.parallel:loop closed
[6.918s] DEBUG:colcon.colcon_parallel_executor.executor.parallel:run_until_complete finished with '0'
[6.918s] DEBUG:colcon.colcon_core.event_reactor:joining thread
[6.930s] INFO:colcon.colcon_core.plugin_system:Skipping extension 'colcon_notification.desktop_notification.terminal_notifier': Not used on non-Darwin systems
[6.931s] INFO:colcon.colcon_core.plugin_system:Skipping extension 'colcon_notification.desktop_notification.win32': Not used on non-Windows systems
[6.931s] INFO:colcon.colcon_notification.desktop_notification:Sending desktop notification using 'notify2'
[6.953s] DEBUG:colcon.colcon_core.event_reactor:joined thread
[6.954s] INFO:colcon.colcon_core.shell:Creating prefix script '/home/mario/sam_bot_description/install/local_setup.ps1'
[6.970s] INFO:colcon.colcon_core.shell:Creating prefix util module '/home/mario/sam_bot_description/install/_local_setup_util_ps1.py'
[6.972s] INFO:colcon.colcon_core.shell:Creating prefix chain script '/home/mario/sam_bot_description/install/setup.ps1'
[6.975s] INFO:colcon.colcon_core.shell:Creating prefix script '/home/mario/sam_bot_description/install/local_setup.sh'
[6.976s] INFO:colcon.colcon_core.shell:Creating prefix util module '/home/mario/sam_bot_description/install/_local_setup_util_sh.py'
[6.977s] INFO:colcon.colcon_core.shell:Creating prefix chain script '/home/mario/sam_bot_description/install/setup.sh'
[6.988s] INFO:colcon.colcon_core.shell:Creating prefix script '/home/mario/sam_bot_description/install/local_setup.bash'
[6.990s] INFO:colcon.colcon_core.shell:Creating prefix chain script '/home/mario/sam_bot_description/install/setup.bash'
[6.995s] INFO:colcon.colcon_core.shell:Creating prefix script '/home/mario/sam_bot_description/install/local_setup.zsh'
[6.997s] INFO:colcon.colcon_core.shell:Creating prefix chain script '/home/mario/sam_bot_description/install/setup.zsh'
